This is pdfTeX, Version 3.141592653-2.6-1.40.25 (MiKTeX 24.1) (preloaded format=pdflatex 2024.6.10)  11 JUN 2024 11:45
entering extended mode
 restricted \write18 enabled.
 %&-line parsing enabled.
**./2LatexLettre.tex
(2LatexLettre.tex
LaTeX2e <2023-11-01> patch level 1
L3 programming layer <2024-01-04>

(C:\Users\Clément Thomas\AppData\Local\Programs\MiKTeX\tex/latex/lettre\lettre
.cls
(C:\Users\Clément Thomas\AppData\Local\Programs\MiKTeX\tex/latex/etoolbox\etoo
lbox.sty
Package: etoolbox 2020/10/05 v2.5k e-TeX tools for LaTeX (JAW)
\etb@tempcnta=\count187
)
(C:\Users\Clément Thomas\AppData\Local\Programs\MiKTeX\tex/latex/graphics\grap
hicx.sty
Package: graphicx 2021/09/16 v1.2d Enhanced LaTeX Graphics (DPC,SPQR)

(C:\Users\Clément Thomas\AppData\Local\Programs\MiKTeX\tex/latex/graphics\keyv
al.sty
Package: keyval 2022/05/29 v1.15 key=value parser (DPC)
\KV@toks@=\toks17
)
(C:\Users\Clément Thomas\AppData\Local\Programs\MiKTeX\tex/latex/graphics\grap
hics.sty
Package: graphics 2022/03/10 v1.4e Standard LaTeX Graphics (DPC,SPQR)

(C:\Users\Clément Thomas\AppData\Local\Programs\MiKTeX\tex/latex/graphics\trig
.sty
Package: trig 2021/08/11 v1.11 sin cos tan (DPC)
)
(C:\Users\Clément Thomas\AppData\Local\Programs\MiKTeX\tex/latex/graphics-cfg\
graphics.cfg
File: graphics.cfg 2016/06/04 v1.11 sample graphics configuration
)
Package graphics Info: Driver file: pdftex.def on input line 107.

(C:\Users\Clément Thomas\AppData\Local\Programs\MiKTeX\tex/latex/graphics-def\
pdftex.def
File: pdftex.def 2022/09/22 v1.2b Graphics/color driver for pdftex
))
\Gin@req@height=\dimen140
\Gin@req@width=\dimen141
)
Document Class: lettre  v3.002
Copyleft Denis Megevand - Observatoire de Geneve
\lettre@x@mm=\skip48
\lettre@y@mm=\skip49
\c@infos=\count188
\lettre@keep@envs=\count189

(C:\Users\Clément Thomas\AppData\Local\Programs\MiKTeX\tex/latex/base\size12.c
lo
File: size12.clo 2023/05/17 v1.4n Standard LaTeX file (size option)
)
\auxcount=\count190
\c@labelstart=\count191
\c@lettre=\count192
\c@telefax=\count193
\emailcount=\count194
\faxpage=\count195
\sigflag=\count196
\signum=\count197
\letterwidth=\dimen142
\openingspace=\dimen143
\openingindent=\dimen144
\lettermargin=\dimen145
\listmargin=\dimen146
\sigspace=\dimen147
\ssigindent=\dimen148
\ssigwidth=\dimen149
\msigwidth=\dimen150
\fromaddress@let@width=\dimen151
\fromlieu@let@width=\dimen152
\toaddress@let@width=\dimen153
\fromaddress@fax@width=\dimen154
\faxstring@width=\dimen155
\faxbox@width=\dimen156
\toaddress@fax@width=\dimen157
\fromname@fax@width=\dimen158
\lettre@vref@width=\skip50
\lettre@nref@width=\skip51
\@tensionaux=\write3
\@dateaux=\write4
\@etiqaux=\write5
\@faxaux=\write6
\lettre@save@leftmargin=\dimen159
\lettre@save@leftskip=\dimen160
\lettre@leftmargin=\dimen161


Class lettre Message: Chargement du fichier de definition de langue `lettre-fre
nch.ldf'.


(C:\Users\Clément Thomas\AppData\Local\Programs\MiKTeX\tex/latex/lettre\lettre
-french.ldf
File: lettre-french.ldf 2015/11/18
))
(C:\Users\Clément Thomas\AppData\Local\Programs\MiKTeX\tex/latex/base\inputenc
.sty
Package: inputenc 2021/02/14 v1.3d Input encoding file
\inpenc@prehook=\toks18
\inpenc@posthook=\toks19
)
(C:\Users\Clément Thomas\AppData\Local\Programs\MiKTeX\tex/latex/base\fontenc.
sty
Package: fontenc 2021/04/29 v2.0v Standard LaTeX package
)
(C:\Users\Clément Thomas\AppData\Local\Programs\MiKTeX\tex/latex/lm\lmodern.st
y
Package: lmodern 2015/05/01 v1.6.1 Latin Modern Fonts
LaTeX Font Info:    Overwriting symbol font `operators' in version `normal'
(Font)                  OT1/cmr/m/n --> OT1/lmr/m/n on input line 22.
LaTeX Font Info:    Overwriting symbol font `letters' in version `normal'
(Font)                  OML/cmm/m/it --> OML/lmm/m/it on input line 23.
LaTeX Font Info:    Overwriting symbol font `symbols' in version `normal'
(Font)                  OMS/cmsy/m/n --> OMS/lmsy/m/n on input line 24.
LaTeX Font Info:    Overwriting symbol font `largesymbols' in version `normal'
(Font)                  OMX/cmex/m/n --> OMX/lmex/m/n on input line 25.
LaTeX Font Info:    Overwriting symbol font `operators' in version `bold'
(Font)                  OT1/cmr/bx/n --> OT1/lmr/bx/n on input line 26.
LaTeX Font Info:    Overwriting symbol font `letters' in version `bold'
(Font)                  OML/cmm/b/it --> OML/lmm/b/it on input line 27.
LaTeX Font Info:    Overwriting symbol font `symbols' in version `bold'
(Font)                  OMS/cmsy/b/n --> OMS/lmsy/b/n on input line 28.
LaTeX Font Info:    Overwriting symbol font `largesymbols' in version `bold'
(Font)                  OMX/cmex/m/n --> OMX/lmex/m/n on input line 29.
LaTeX Font Info:    Overwriting math alphabet `\mathbf' in version `normal'
(Font)                  OT1/cmr/bx/n --> OT1/lmr/bx/n on input line 31.
LaTeX Font Info:    Overwriting math alphabet `\mathsf' in version `normal'
(Font)                  OT1/cmss/m/n --> OT1/lmss/m/n on input line 32.
LaTeX Font Info:    Overwriting math alphabet `\mathit' in version `normal'
(Font)                  OT1/cmr/m/it --> OT1/lmr/m/it on input line 33.
LaTeX Font Info:    Overwriting math alphabet `\mathtt' in version `normal'
(Font)                  OT1/cmtt/m/n --> OT1/lmtt/m/n on input line 34.
LaTeX Font Info:    Overwriting math alphabet `\mathbf' in version `bold'
(Font)                  OT1/cmr/bx/n --> OT1/lmr/bx/n on input line 35.
LaTeX Font Info:    Overwriting math alphabet `\mathsf' in version `bold'
(Font)                  OT1/cmss/bx/n --> OT1/lmss/bx/n on input line 36.
LaTeX Font Info:    Overwriting math alphabet `\mathit' in version `bold'
(Font)                  OT1/cmr/bx/it --> OT1/lmr/bx/it on input line 37.
LaTeX Font Info:    Overwriting math alphabet `\mathtt' in version `bold'
(Font)                  OT1/cmtt/m/n --> OT1/lmtt/m/n on input line 38.
)
(C:\Users\Clément Thomas\AppData\Local\Programs\MiKTeX\tex/latex/eurosym\euros
ym.sty
Package: eurosym 1998/08/06 v1.1 European currency symbol ``Euro''
\@eurobox=\box51
)
(C:\Users\Clément Thomas\AppData\Local\Programs\MiKTeX\tex/generic/babel\babel
.sty
Package: babel 2024/01/07 v24.1 The Babel package
\babel@savecnt=\count198
\U@D=\dimen162
\l@unhyphenated=\language79

(C:\Users\Clément Thomas\AppData\Local\Programs\MiKTeX\tex/generic/babel\txtba
bel.def)
\bbl@readstream=\read2
\bbl@dirlevel=\count199

*************************************
* Local config file bblopts.cfg used
*

(C:\Users\Clément Thomas\AppData\Local\Programs\MiKTeX\tex/latex/arabi\bblopts
.cfg
File: bblopts.cfg 2005/09/08 v0.1 add Arabic and Farsi to "declared" options of
 babel
)
(C:\Users\Clément Thomas\AppData\Local\Programs\MiKTeX\tex/generic/babel-frenc
h\french.ldf
Language: french 2024-05-24 v3.6a French support from the babel system
Package babel Info: Hyphen rules for 'acadian' set to \l@french
(babel)             (\language22). Reported on input line 91.
Package babel Info: Hyphen rules for 'canadien' set to \l@french
(babel)             (\language22). Reported on input line 92.
\FB@stdchar=\count266
Package babel Info: Making : an active character on input line 422.
Package babel Info: Making ; an active character on input line 423.
Package babel Info: Making ! an active character on input line 424.
Package babel Info: Making ? an active character on input line 425.
\FBguill@level=\count267
\FBold@everypar=\toks20
\FB@Mht=\dimen163
\mc@charclass=\count268
\mc@charfam=\count269
\mc@charslot=\count270
\std@mcc=\count271
\dec@mcc=\count272
\FB@parskip=\dimen164
\listindentFB=\dimen165
\descindentFB=\dimen166
\labelindentFB=\dimen167
\labelwidthFB=\dimen168
\leftmarginFB=\dimen169
\parindentFFN=\dimen170
\FBfnindent=\dimen171
))
(C:\Users\Clément Thomas\AppData\Local\Programs\MiKTeX\tex/generic/babel/local
e/fr\babel-french.tex
Package babel Info: Importing font and identification data for french
(babel)             from babel-fr.ini. Reported on input line 11.
)
(C:\Users\Clément Thomas\AppData\Local\Programs\MiKTeX\tex/latex/carlisle\scal
efnt.sty)
(C:\Users\Clément Thomas\AppData\Local\Programs\MiKTeX\tex/latex/numprint\nump
rint.sty
Package: numprint 2012/08/20 v1.39 Print numbers (HH)

(C:\Users\Clément Thomas\AppData\Local\Programs\MiKTeX\tex/latex/tools\array.s
ty
Package: array 2023/10/16 v2.5g Tabular extension package (FMi)
\col@sep=\dimen172
\ar@mcellbox=\box52
\extrarowheight=\dimen173
\NC@list=\toks21
\extratabsurround=\skip52
\backup@length=\skip53
\ar@cellbox=\box53
)
\c@nprt@mantissa@digitsbefore=\count273
\c@nprt@mantissa@digitsafter=\count274
\c@nprt@exponent@digitsbefore=\count275
\c@nprt@exponent@digitsafter=\count276
\nprt@digitwidth=\skip54
\nprt@sepwidth=\skip55
\nprt@decimalwidth=\skip56
\nprt@blockwidth=\skip57
\nprt@digittoks=\toks22
\nprt@pretoks=\toks23
\nprt@posttoks=\toks24
\nprt@thisdigit=\count277
\nprt@curpos=\count278
\nprt@rndpos=\count279
\c@nprt@digitsfirstblock=\count280
\c@nprt@blockcnt=\count281
\c@nprt@cntprint=\count282
 No configuration file `numprint.cfg' found.)
LaTeX Font Info:    Trying to load font information for T1+lmr on input line 10
.

(C:\Users\Clément Thomas\AppData\Local\Programs\MiKTeX\tex/latex/lm\t1lmr.fd
File: t1lmr.fd 2015/05/01 v1.6.1 Font defs for Latin Modern
)
(C:\Users\Clément Thomas\AppData\Local\Programs\MiKTeX\tex/latex/l3backend\l3b
ackend-pdftex.def
File: l3backend-pdftex.def 2024-01-04 L3 backend support: PDF output (pdfTeX)
\l__color_backend_stack_int=\count283
\l__pdf_internal_box=\box54
)
No file 2LatexLettre.aux.
\openout1 = `2LatexLettre.aux'.

LaTeX Font Info:    Checking defaults for OML/cmm/m/it on input line 10.
LaTeX Font Info:    ... okay on input line 10.
LaTeX Font Info:    Checking defaults for OMS/cmsy/m/n on input line 10.
LaTeX Font Info:    ... okay on input line 10.
LaTeX Font Info:    Checking defaults for OT1/cmr/m/n on input line 10.
LaTeX Font Info:    ... okay on input line 10.
LaTeX Font Info:    Checking defaults for T1/cmr/m/n on input line 10.
LaTeX Font Info:    ... okay on input line 10.
LaTeX Font Info:    Checking defaults for TS1/cmr/m/n on input line 10.
LaTeX Font Info:    ... okay on input line 10.
LaTeX Font Info:    Checking defaults for OMX/cmex/m/n on input line 10.
LaTeX Font Info:    ... okay on input line 10.
LaTeX Font Info:    Checking defaults for U/cmr/m/n on input line 10.
LaTeX Font Info:    ... okay on input line 10.

(C:\Users\Clément Thomas\AppData\Local\Programs\MiKTeX\tex/context/base/mkii\s
upp-pdf.mkii
[Loading MPS to PDF converter (version 2006.09.02).]
\scratchcounter=\count284
\scratchdimen=\dimen174
\scratchbox=\box55
\nofMPsegments=\count285
\nofMParguments=\count286
\everyMPshowfont=\toks25
\MPscratchCnt=\count287
\MPscratchDim=\dimen175
\MPnumerator=\count288
\makeMPintoPDFobject=\count289
\everyMPtoPDFconversion=\toks26
)
(C:\Users\Clément Thomas\AppData\Local\Programs\MiKTeX\tex/latex/epstopdf-pkg\
epstopdf-base.sty
Package: epstopdf-base 2020-01-24 v2.11 Base part for package epstopdf
Package epstopdf-base Info: Redefining graphics rule for `.eps' on input line 4
85.

(C:\Users\Clément Thomas\AppData\Local\Programs\MiKTeX\tex/latex/00miktex\epst
opdf-sys.cfg
File: epstopdf-sys.cfg 2021/03/18 v2.0 Configuration of epstopdf for MiKTeX
))
No file 2LatexLettre.tns.
No file 2LatexLettre.odt.
\openout3 = `2LatexLettre.tns'.


Class lettre Message: Scrutation des paquetages de gestion de langue.


Class lettre Message: Le paquetage `babel' est charg'e.


Class lettre Message: Langage par defaut: francais.

LaTeX Info: Redefining \degres on input line 10.
LaTeX Info: Redefining \up on input line 10.

Class lettre Message: Lettre 1.


(C:\Users\Clément Thomas\AppData\Local\Programs\MiKTeX\tex/latex/lettre\lettre
-default.cfg

Class lettre Message: Adresse precisee.


Class lettre Message: Numero de telephone precise.


Class lettre Message: Numero de fax precise.


Class lettre Message: Lieu precise.

)

Class lettre Message: Adresse precisee.


Class lettre Message: Lieu precise.


Class lettre Message: Numero de telephone precise.


Class lettre Message: Numero d'E-Mail precise.


Class lettre Message: Numero de fax supprime.


Class lettre Message: Champ d'objet defini.

LaTeX Font Info:    Trying to load font information for T1+lmtt on input line 2
2.
(C:\Users\Clément Thomas\AppData\Local\Programs\MiKTeX\tex/latex/lm\t1lmtt.fd
File: t1lmtt.fd 2015/05/01 v1.6.1 Font defs for Latin Modern
)
LaTeX Font Info:    Trying to load font information for OT1+lmr on input line 2
2.
(C:\Users\Clément Thomas\AppData\Local\Programs\MiKTeX\tex/latex/lm\ot1lmr.fd
File: ot1lmr.fd 2015/05/01 v1.6.1 Font defs for Latin Modern
)
LaTeX Font Info:    Trying to load font information for OML+lmm on input line 2
2.
(C:\Users\Clément Thomas\AppData\Local\Programs\MiKTeX\tex/latex/lm\omllmm.fd
File: omllmm.fd 2015/05/01 v1.6.1 Font defs for Latin Modern
)
LaTeX Font Info:    Trying to load font information for OMS+lmsy on input line 
22.

(C:\Users\Clément Thomas\AppData\Local\Programs\MiKTeX\tex/latex/lm\omslmsy.fd
File: omslmsy.fd 2015/05/01 v1.6.1 Font defs for Latin Modern
)
LaTeX Font Info:    Trying to load font information for OMX+lmex on input line 
22.

(C:\Users\Clément Thomas\AppData\Local\Programs\MiKTeX\tex/latex/lm\omxlmex.fd
File: omxlmex.fd 2015/05/01 v1.6.1 Font defs for Latin Modern
)
LaTeX Font Info:    External font `lmex10' loaded for size
(Font)              <12> on input line 22.
LaTeX Font Info:    External font `lmex10' loaded for size
(Font)              <8> on input line 22.
LaTeX Font Info:    External font `lmex10' loaded for size
(Font)              <6> on input line 22.

Overfull \hbox (71.13152pt too wide) in paragraph at lines 22--22
[][] 
 []


Class lettre Message: Signature manquante.


Class lettre Message: Longueur de la derniere page : 542.215pt>= 250pt.

[1


{C:/Users/Clément Thomas/AppData/Local/MiKTeX/fonts/map/pdftex/pdftex.map}{C:/
Users/Clément Thomas/AppData/Local/Programs/MiKTeX/fonts/enc/dvips/lm/lm-ec.en
c}]

Class lettre Message: Nombre de lettres :1.


Class lettre Message: Nombre de telefax :0.

(2LatexLettre.aux)
 ***********
LaTeX2e <2023-11-01> patch level 1
L3 programming layer <2024-01-04>
 ***********
 ) 
Here is how much of TeX's memory you used:
 4656 strings out of 474485
 81200 string characters out of 5738978
 1928542 words of memory out of 5000000
 26904 multiletter control sequences out of 15000+600000
 573590 words of font info for 51 fonts, out of 8000000 for 9000
 1141 hyphenation exceptions out of 8191
 72i,7n,79p,224b,641s stack positions out of 10000i,1000n,20000p,200000b,200000s
<C:/Users/Clément Thomas/AppData/Local/Programs/MiKTeX/fonts/type1/public/eu
rosym/feymr10.pfb><C:/Users/Clément Thomas/AppData/Local/Programs/MiKTeX/fonts
/type1/public/lm/lmr12.pfb><C:/Users/Clément Thomas/AppData/Local/Programs/MiK
TeX/fonts/type1/public/lm/lmtt12.pfb>
Output written on 2LatexLettre.pdf (1 page, 62583 bytes).
PDF statistics:
 22 PDF objects out of 1000 (max. 8388607)
 0 named destinations out of 1000 (max. 500000)
 1 words of extra memory for PDF output out of 10000 (max. 10000000)

